<?xml version="1.0" encoding="UTF-8"?>
<!-- Generated by org.testng.reporters.JUnitReportReporter -->
<testsuite skipped="0" hostname="Ashok" name="com.actitime.test.LoginPageTest" tests="1" failures="0" timestamp="2022-07-01T15:15:51 IST" time="8.172" errors="0">
  <testcase name="loginTest" time="8.172" classname="com.actitime.test.LoginPageTest"/>
  <system-out/>
</testsuite> <!-- com.actitime.test.LoginPageTest -->
