<?xml version="1.0" encoding="UTF-8"?>
<!-- Generated by org.testng.reporters.JUnitReportReporter -->
<testsuite skipped="0" hostname="Ashok" name="com.actitime.test.VerifyPageTitles" tests="1" failures="0" timestamp="2022-07-01T15:21:56 IST" time="8.320" errors="0">
  <testcase name="verifyloginPageTitles" time="8.320" classname="com.actitime.test.VerifyPageTitles"/>
  <system-out/>
</testsuite> <!-- com.actitime.test.VerifyPageTitles -->
